  [4;36;1mSQL (0.000000)[0m   [0;1mselect sqlite_version(*)[0m
  [4;35;1mSQL (0.160000)[0m   [0mCREATE TABLE schema_info (version integer)[0m
  [4;36;1mSQL (0.150000)[0m   [0;1mINSERT INTO schema_info (version) VALUES(0)[0m
  [4;35;1mSQL (0.000000)[0m   [0mSQLite3::SQLException: table schema_info already exists: CREATE TABLE schema_info (version integer)[0m
  [4;36;1mSQL (0.000000)[0m   [0;1mselect sqlite_version(*)[0m
  [4;35;1mSQL (0.000000)[0m   [0mSQLite3::SQLException: table schema_info already exists: CREATE TABLE schema_info (version integer)[0m
  [4;36;1mSQL (0.000000)[0m   [0;1mSQLite3::SQLException: table schema_info already exists: CREATE TABLE schema_info (version integer)[0m
  [4;35;1mSQL (0.000000)[0m   [0mSELECT version FROM schema_info[0m
Migrating to CreateCourses (1)
  [4;36;1mSQL (0.150000)[0m   [0;1mCREATE TABLE courses ("id" INTEGER PRIMARY KEY AUTOINCREMENT NOT NULL, "name" varchar(255) DEFAULT NULL, "created_at" datetime DEFAULT NULL, "updated_at" datetime DEFAULT NULL) [0m
  [4;35;1mSQL (0.140000)[0m   [0mUPDATE schema_info SET version = 1[0m
  [4;36;1mSQL (0.000000)[0m   [0;1mSELECT version FROM schema_info[0m
Migrating to CreateStudents (2)
  [4;35;1mSQL (0.191000)[0m   [0mCREATE TABLE students ("id" INTEGER PRIMARY KEY AUTOINCREMENT NOT NULL, "firstname" varchar(255) DEFAULT NULL, "lastname" varchar(255) DEFAULT NULL, "birthday" date DEFAULT NULL, "created_at" datetime DEFAULT NULL, "updated_at" datetime DEFAULT NULL) [0m
  [4;36;1mSQL (0.230000)[0m   [0;1mUPDATE schema_info SET version = 2[0m
  [4;35;1mSQL (0.000000)[0m   [0mSELECT version FROM schema_info[0m
Migrating to CreateCoursesStudents (3)
  [4;36;1mSQL (0.210000)[0m   [0;1mCREATE TABLE courses_students ("course_id" integer NOT NULL, "student_id" integer NOT NULL) [0m
  [4;35;1mSQL (0.120000)[0m   [0mUPDATE schema_info SET version = 3[0m
  [4;36;1mSQL (0.000000)[0m   [0;1mSELECT * FROM schema_info[0m
  [4;35;1mSQL (0.000000)[0m   [0m SELECT name
 FROM sqlite_master
 WHERE type = 'table' AND NOT name = 'sqlite_sequence'
[0m
  [4;36;1mSQL (0.000000)[0m   [0;1mPRAGMA index_list(courses)[0m
  [4;35;1mSQL (0.000000)[0m   [0mPRAGMA index_list(courses_students)[0m
  [4;36;1mSQL (0.000000)[0m   [0;1mPRAGMA index_list(students)[0m
